[2016-07-23 17:39:05][debug] begin notify
[2016-07-23 17:39:05][debug] call back:{"appid":"wxe25e7bd689e10b18","attach":"test","bank_type":"ABC_DEBIT","cash_fee":"1","fee_type":"CNY","is_subscribe":"Y","mch_id":"1338173701","nonce_str":"ikb493t5p5ei57t8axojnxz4fg4825yx","openid":"os_tpxIIWTdDcF8L3nRrMwGkpnsY","out_trade_no":"BC967A062A236ECE","result_code":"SUCCESS","return_code":"SUCCESS","sign":"5F1B9C14A71985E887C3ADCDB5A4611C","time_end":"20160723173544","total_fee":"1","trade_type":"NATIVE","transaction_id":"4004432001201607239609798493"}
[2016-07-23 17:39:06][debug] query:{"appid":"wxe25e7bd689e10b18","attach":"test","bank_type":"ABC_DEBIT","cash_fee":"1","fee_type":"CNY","is_subscribe":"Y","mch_id":"1338173701","nonce_str":"17nYNuWxsO7I6dcZ","openid":"os_tpxIIWTdDcF8L3nRrMwGkpnsY","out_trade_no":"BC967A062A236ECE","result_code":"SUCCESS","return_code":"SUCCESS","return_msg":"OK","sign":"F296686FD4DC70D1443BD22E5ED59AEA","time_end":"20160723173544","total_fee":"1","trade_state":"SUCCESS","trade_type":"NATIVE","transaction_id":"4004432001201607239609798493"}
[2016-07-23 17:42:32][debug] begin notify
[2016-07-23 17:42:32][debug] call back:{"appid":"wxe25e7bd689e10b18","attach":"3D768584E0BD34F1","bank_type":"ABC_DEBIT","cash_fee":"1","fee_type":"CNY","is_subscribe":"Y","mch_id":"1338173701","nonce_str":"9ypbjprnp3mtejcsy2ts6mjol6517qiz","openid":"os_tpxIIWTdDcF8L3nRrMwGkpnsY","out_trade_no":"3D768584E0BD34F1","result_code":"SUCCESS","return_code":"SUCCESS","sign":"B093E339D984DBD5EB676F490EBA0980","time_end":"20160723173911","total_fee":"1","trade_type":"NATIVE","transaction_id":"4004432001201607239610786751"}
[2016-07-23 17:42:32][debug] query:{"appid":"wxe25e7bd689e10b18","attach":"3D768584E0BD34F1","bank_type":"ABC_DEBIT","cash_fee":"1","fee_type":"CNY","is_subscribe":"Y","mch_id":"1338173701","nonce_str":"bd9QMldnlHTacUtf","openid":"os_tpxIIWTdDcF8L3nRrMwGkpnsY","out_trade_no":"3D768584E0BD34F1","result_code":"SUCCESS","return_code":"SUCCESS","return_msg":"OK","sign":"D927ADFDA516ED020547DCA01D023590","time_end":"20160723173911","total_fee":"1","trade_state":"SUCCESS","trade_type":"NATIVE","transaction_id":"4004432001201607239610786751"}
[2016-07-23 17:53:52][debug] begin notify
[2016-07-23 17:53:52][debug] call back:{"appid":"wxe25e7bd689e10b18","attach":"3EB898C3D0E6F6D5","bank_type":"ABC_DEBIT","cash_fee":"1","fee_type":"CNY","is_subscribe":"Y","mch_id":"1338173701","nonce_str":"90265lvypx8i6ggc462t1nf5j0uenknn","openid":"os_tpxIIWTdDcF8L3nRrMwGkpnsY","out_trade_no":"3EB898C3D0E6F6D5","result_code":"SUCCESS","return_code":"SUCCESS","sign":"09C7B704FBFFEFEEB2D4436FA1A13867","time_end":"20160723175030","total_fee":"1","trade_type":"NATIVE","transaction_id":"4004432001201607239611198527"}
[2016-07-23 17:53:52][debug] query:{"appid":"wxe25e7bd689e10b18","attach":"3EB898C3D0E6F6D5","bank_type":"ABC_DEBIT","cash_fee":"1","fee_type":"CNY","is_subscribe":"Y","mch_id":"1338173701","nonce_str":"GnDonlr6SkEsUYQU","openid":"os_tpxIIWTdDcF8L3nRrMwGkpnsY","out_trade_no":"3EB898C3D0E6F6D5","result_code":"SUCCESS","return_code":"SUCCESS","return_msg":"OK","sign":"5982F020DB183DB05B202AD8E44E2BC1","time_end":"20160723175030","total_fee":"1","trade_state":"SUCCESS","trade_type":"NATIVE","transaction_id":"4004432001201607239611198527"}
[2016-07-23 17:55:27][debug] begin notify
[2016-07-23 17:55:27][debug] call back:{"appid":"wxe25e7bd689e10b18","attach":"B1ED33D22FB39B4B","bank_type":"ABC_DEBIT","cash_fee":"1","fee_type":"CNY","is_subscribe":"Y","mch_id":"1338173701","nonce_str":"wv0ifqx5ymclrgidzt2avnur8p7jajzl","openid":"os_tpxIIWTdDcF8L3nRrMwGkpnsY","out_trade_no":"B1ED33D22FB39B4B","result_code":"SUCCESS","return_code":"SUCCESS","sign":"3F1F62A07EBD387EBCA49338B024ACAB","time_end":"20160723175207","total_fee":"1","trade_type":"NATIVE","transaction_id":"4004432001201607239612429063"}
[2016-07-23 17:55:28][debug] query:{"appid":"wxe25e7bd689e10b18","attach":"B1ED33D22FB39B4B","bank_type":"ABC_DEBIT","cash_fee":"1","fee_type":"CNY","is_subscribe":"Y","mch_id":"1338173701","nonce_str":"skp4MtWkM3iNX812","openid":"os_tpxIIWTdDcF8L3nRrMwGkpnsY","out_trade_no":"B1ED33D22FB39B4B","result_code":"SUCCESS","return_code":"SUCCESS","return_msg":"OK","sign":"331E3725B35C4F25A605EBDC7E6EEC29","time_end":"20160723175207","total_fee":"1","trade_state":"SUCCESS","trade_type":"NATIVE","transaction_id":"4004432001201607239612429063"}
[2016-07-23 17:59:38][debug] begin notify
[2016-07-23 17:59:38][debug] call back:{"appid":"wxe25e7bd689e10b18","attach":"A4141F7E2A874A48","bank_type":"ABC_DEBIT","cash_fee":"1","fee_type":"CNY","is_subscribe":"Y","mch_id":"1338173701","nonce_str":"1lhpairptgbtyfwidebi9a52m6sru75y","openid":"os_tpxIIWTdDcF8L3nRrMwGkpnsY","out_trade_no":"A4141F7E2A874A48","result_code":"SUCCESS","return_code":"SUCCESS","sign":"6447B002440C4F836C916D185AC32AA1","time_end":"20160723175617","total_fee":"1","trade_type":"NATIVE","transaction_id":"4004432001201607239611413960"}
[2016-07-23 17:59:39][debug] query:{"appid":"wxe25e7bd689e10b18","attach":"A4141F7E2A874A48","bank_type":"ABC_DEBIT","cash_fee":"1","fee_type":"CNY","is_subscribe":"Y","mch_id":"1338173701","nonce_str":"L6c0L1mlT8KZGgqt","openid":"os_tpxIIWTdDcF8L3nRrMwGkpnsY","out_trade_no":"A4141F7E2A874A48","result_code":"SUCCESS","return_code":"SUCCESS","return_msg":"OK","sign":"736BAC5CC3E6FE067C481FEB11457649","time_end":"20160723175617","total_fee":"1","trade_state":"SUCCESS","trade_type":"NATIVE","transaction_id":"4004432001201607239611413960"}
[2016-07-23 18:03:10][debug] begin notify
[2016-07-23 18:03:10][debug] call back:{"appid":"wxe25e7bd689e10b18","attach":"61892A2727D0E63F","bank_type":"ABC_DEBIT","cash_fee":"1","fee_type":"CNY","is_subscribe":"Y","mch_id":"1338173701","nonce_str":"fydyz25r0stewsu0wlajy8i9q9helrsb","openid":"os_tpxIIWTdDcF8L3nRrMwGkpnsY","out_trade_no":"61892A2727D0E63F","result_code":"SUCCESS","return_code":"SUCCESS","sign":"EAF47A9C97CE8F319FBF9AFC06CE06A4","time_end":"20160723175950","total_fee":"1","trade_type":"NATIVE","transaction_id":"4004432001201607239612723569"}
[2016-07-23 18:03:11][debug] query:{"appid":"wxe25e7bd689e10b18","attach":"61892A2727D0E63F","bank_type":"ABC_DEBIT","cash_fee":"1","fee_type":"CNY","is_subscribe":"Y","mch_id":"1338173701","nonce_str":"oE4ksPUIegRsmK9q","openid":"os_tpxIIWTdDcF8L3nRrMwGkpnsY","out_trade_no":"61892A2727D0E63F","result_code":"SUCCESS","return_code":"SUCCESS","return_msg":"OK","sign":"96E06569C522F14A8067EEFE3A5F7D6F","time_end":"20160723175950","total_fee":"1","trade_state":"SUCCESS","trade_type":"NATIVE","transaction_id":"4004432001201607239612723569"}
[2016-07-23 18:08:00][debug] begin notify
[2016-07-23 18:08:00][debug] call back:{"appid":"wxe25e7bd689e10b18","attach":"22166B4874B77E07","bank_type":"ABC_DEBIT","cash_fee":"1","fee_type":"CNY","is_subscribe":"Y","mch_id":"1338173701","nonce_str":"3nayv1eltt0zkq9eci7hyko6y9yxxlh8","openid":"os_tpxIIWTdDcF8L3nRrMwGkpnsY","out_trade_no":"22166B4874B77E07","result_code":"SUCCESS","return_code":"SUCCESS","sign":"D2052CB43FAFB30BCBB3FE6FF53E07C5","time_end":"20160723180439","total_fee":"1","trade_type":"NATIVE","transaction_id":"4004432001201607239612920540"}
[2016-07-23 18:08:00][debug] query:{"appid":"wxe25e7bd689e10b18","attach":"22166B4874B77E07","bank_type":"ABC_DEBIT","cash_fee":"1","fee_type":"CNY","is_subscribe":"Y","mch_id":"1338173701","nonce_str":"hLFghPC7gpdfQgbD","openid":"os_tpxIIWTdDcF8L3nRrMwGkpnsY","out_trade_no":"22166B4874B77E07","result_code":"SUCCESS","return_code":"SUCCESS","return_msg":"OK","sign":"E798A7AC40D0307CC1668C8BB2775F06","time_end":"20160723180439","total_fee":"1","trade_state":"SUCCESS","trade_type":"NATIVE","transaction_id":"4004432001201607239612920540"}
[2016-07-23 18:23:28][debug] begin notify
[2016-07-23 18:23:28][debug] call back:{"appid":"wxe25e7bd689e10b18","attach":"5B18F0F656787543","bank_type":"CCB_DEBIT","cash_fee":"2","fee_type":"CNY","is_subscribe":"Y","mch_id":"1338173701","nonce_str":"tyk2w0lltva0hgfvvzfjirahnqgqllo3","openid":"os_tpxBj0NPWbLIHqvDiZYhBi51M","out_trade_no":"5B18F0F656787543","result_code":"SUCCESS","return_code":"SUCCESS","sign":"0D82B11DA56CBFEA7FBE741FFA98DBC1","time_end":"20160723181934","total_fee":"2","trade_type":"NATIVE","transaction_id":"4003532001201607239613491304"}
[2016-07-23 18:23:29][debug] query:{"appid":"wxe25e7bd689e10b18","attach":"5B18F0F656787543","bank_type":"CCB_DEBIT","cash_fee":"2","fee_type":"CNY","is_subscribe":"Y","mch_id":"1338173701","nonce_str":"xHkn7l6JYa5uNUuu","openid":"os_tpxBj0NPWbLIHqvDiZYhBi51M","out_trade_no":"5B18F0F656787543","result_code":"SUCCESS","return_code":"SUCCESS","return_msg":"OK","sign":"0989FA9BFDA668F5BC50787DABD1C0B4","time_end":"20160723181934","total_fee":"2","trade_state":"SUCCESS","trade_type":"NATIVE","transaction_id":"4003532001201607239613491304"}
[2016-07-23 18:24:40][debug] begin notify
[2016-07-23 18:24:40][debug] call back:{"appid":"wxe25e7bd689e10b18","attach":"81D910D8401BEF50","bank_type":"CCB_DEBIT","cash_fee":"2","fee_type":"CNY","is_subscribe":"Y","mch_id":"1338173701","nonce_str":"lwoi4k9sonj4153cgjpcrzlewtew0p6k","openid":"os_tpxBj0NPWbLIHqvDiZYhBi51M","out_trade_no":"81D910D8401BEF50","result_code":"SUCCESS","return_code":"SUCCESS","sign":"100B50C2ED19566F8854A8567B994B66","time_end":"20160723182120","total_fee":"2","trade_type":"NATIVE","transaction_id":"4003532001201607239614387619"}
[2016-07-23 18:24:40][debug] query:{"appid":"wxe25e7bd689e10b18","attach":"81D910D8401BEF50","bank_type":"CCB_DEBIT","cash_fee":"2","fee_type":"CNY","is_subscribe":"Y","mch_id":"1338173701","nonce_str":"zMrEE2q8G7k45a7t","openid":"os_tpxBj0NPWbLIHqvDiZYhBi51M","out_trade_no":"81D910D8401BEF50","result_code":"SUCCESS","return_code":"SUCCESS","return_msg":"OK","sign":"A4176ACC65CC64ED2D17A20B044E0AC5","time_end":"20160723182120","total_fee":"2","trade_state":"SUCCESS","trade_type":"NATIVE","transaction_id":"4003532001201607239614387619"}
[2016-07-23 20:29:25][debug] begin notify
[2016-07-23 20:29:25][debug] begin notify
[2016-07-23 20:29:33][debug] begin notify
[2016-07-23 20:30:13][debug] begin notify
[2016-07-23 20:30:27][debug] begin notify
[2016-07-23 20:30:45][debug] begin notify
[2016-07-23 20:31:18][debug] begin notify
[2016-07-23 20:34:25][debug] begin notify
[2016-07-23 21:04:30][debug] begin notify
[2016-07-23 21:34:35][debug] begin notify
[2016-07-23 22:04:38][debug] begin notify
[2016-07-23 22:34:40][debug] begin notify
[2016-07-23 23:34:42][debug] begin notify
